<?xml version="1.0" encoding="UTF-8"?>
<!-- Generated by org.testng.reporters.JUnitReportReporter -->
<testsuite hostname="Yaminis-MacBook-Air.local" failures="0" tests="1" name="testcase.LoginClass" time="8.840" errors="0" timestamp="2024-08-03T15:51:34 IST" skipped="0">
  <testcase classname="testcase.LoginClass" name="LoginTest" time="8.840"/>
</testsuite> <!-- testcase.LoginClass -->
